[2017/3/13 16:03:25]: 获取任务成功，
	音频名称：test11.M4A,
	任务ID：183
[2017/3/13 16:03:37]: 锁定任务成功!
[2017/3/13 16:04:13]: 获取用户信息失败!
[2017/3/13 16:59:53]: 获取任务成功，
	音频名称：霍元甲-周杰伦 (2).mp3,
	任务ID：8
[2017/3/13 17:00:01]: 锁定任务成功!
[2017/3/13 17:00:13]: 用户认证成功!Name：test
[2017/3/13 17:00:19]: 用户素材库访问权验证成功!
[2017/3/13 17:00:34]: 类别创建成功!
[2017/3/13 17:00:45]: 类别权限设置成功!
[2017/3/13 17:00:53]: 获取类别存储信息成功!
[2017/3/13 17:04:02]: 下载文件失败：[pFilename:C:\DownloadTemp\5370383af68d9cea6d7c6a2b09f07eda.mp3 pURL:https://up-cloud.xuntingyun.com/caibianbo/resource/audio/2017/0310/53/70/5370383af68d9cea6d7c6a2b09f07eda.mp3]:无法从传输连接中读取数据: 远程主机强迫关闭了一个现有的连接。。
[2017/3/13 17:04:02]: 更新任务状态成功!
[2017/3/13 17:04:02]: 解除锁定任务成功!
[2017/3/13 17:04:52]: 获取任务成功，
	音频名称：反相70秒.wav,
	任务ID：9
[2017/3/13 17:05:00]: 锁定任务成功!
[2017/3/13 17:05:12]: 用户认证成功!Name：csgly
[2017/3/13 17:05:14]: 用户素材库访问权验证成功!
[2017/3/13 17:05:22]: 类别创建成功!
[2017/3/13 17:05:28]: 类别权限设置成功!
[2017/3/13 17:05:31]: 获取类别存储信息成功!
[2017/3/13 17:06:15]: 下载文件失败：[pFilename:C:\DownloadTemp\4786fe2d146b85998ed782a84b686b5d.wav pURL:https://up-cloud.xuntingyun.com/caibianbo/resource/audio/2017/0310/47/86/4786fe2d146b85998ed782a84b686b5d.wav]:从传输流收到意外的 EOF 或 0 个字节。
[2017/3/13 17:06:15]: 更新任务状态成功!
[2017/3/13 17:06:15]: 解除锁定任务成功!
[2017/3/13 17:10:35]: 获取任务成功，
	音频名称：f08bec8847af8d4d1c6a1a4d60553ee1.M4A,
	任务ID：10
[2017/3/13 17:10:35]: 锁定任务成功!
[2017/3/13 17:10:35]: 用户认证成功!Name：csgly
[2017/3/13 17:10:35]: 用户素材库访问权验证成功!
[2017/3/13 17:10:35]: 获取类别信息成功!类别名称：csgly云素材
[2017/3/13 17:10:35]: 获取类别存储信息成功!
[2017/3/13 17:12:38]: 下载文件失败：[pFilename:D:\DownloadTemp\c03aa7d48b2db6996b9200b6f4545bd0.M4A pURL:https://up-cloud.xuntingyun.com/caibianbo/resource/audio/2017/0310/c0/3a/c03aa7d48b2db6996b9200b6f4545bd0.M4A]:从传输流收到意外的 EOF 或 0 个字节。
[2017/3/13 17:15:56]: 更新任务状态成功!
[2017/3/13 17:15:56]: 解除锁定任务成功!
[2017/3/13 17:16:01]: 获取任务成功，
	音频名称：74fe591dbd76da63f09e210ff8f13112.mp3,
	任务ID：11
[2017/3/13 17:16:01]: 锁定任务成功!
[2017/3/13 17:16:01]: 用户认证成功!Name：csgly
[2017/3/13 17:16:01]: 用户素材库访问权验证成功!
[2017/3/13 17:16:01]: 获取类别信息成功!类别名称：csgly云素材
[2017/3/13 17:16:01]: 获取类别存储信息成功!
[2017/3/13 17:16:23]: 下载文件成功!
[2017/3/13 17:16:26]: 文件验证成功!
[2017/3/13 17:16:49]: 文件转码成功!
[2017/3/13 17:16:54]: 文件质检成功!
[2017/3/13 17:17:06]: 入库成功!
[2017/3/13 17:17:36]: 更新任务状态成功!
[2017/3/13 17:17:50]: 解除锁定任务成功!
